\BOOKMARK [1][-]{section.1}{\376\377\000I\000n\000t\000r\000o\000d\000u\000c\000t\000i\000o\000n}{}% 1
\BOOKMARK [2][-]{subsection.1.1}{\376\377\000I\000s\000n\000'\000t\000\040\000e\000m\000u\000l\000a\000t\000i\000o\000n\000\040\000c\000o\000m\000p\000l\000i\000c\000a\000t\000e\000d\000?}{section.1}% 2
\BOOKMARK [2][-]{subsection.1.2}{\376\377\000F\000e\000e\000d\000b\000a\000c\000k}{section.1}% 3
\BOOKMARK [1][-]{section.2}{\376\377\000T\000h\000e\000\040\000C\000P\000U\000:\000\040\000I\000n\000s\000t\000r\000u\000c\000t\000i\000o\000n\000s\000\040\000a\000n\000d\000\040\000t\000h\000e\000\040\000m\000e\000m\000o\000r\000y}{}% 4
\BOOKMARK [2][-]{subsection.2.1}{\376\377\000W\000h\000a\000t\000\040\000i\000s\000\040\000a\000\040\000C\000P\000U\000,\000\040\000a\000n\000y\000w\000a\000y\000?}{section.2}% 5
\BOOKMARK [2][-]{subsection.2.2}{\376\377\000A\000r\000c\000h\000i\000t\000e\000c\000t\000u\000r\000e}{section.2}% 6
\BOOKMARK [2][-]{subsection.2.3}{\376\377\000T\000h\000e\000\040\000c\000o\000d\000e}{section.2}% 7
\BOOKMARK [2][-]{subsection.2.4}{\376\377\000T\000h\000e\000\040\000P\000r\000o\000g\000r\000a\000m\000\040\000C\000o\000u\000n\000t\000e\000r\000\040\000r\000e\000g\000i\000s\000t\000e\000r}{section.2}% 8
\BOOKMARK [3][-]{subsubsection.2.4.1}{\376\377\000R\000e\000s\000e\000t\000\040\000v\000a\000l\000u\000e\000\040\000o\000f\000\040\000t\000h\000e\000\040\000P\000C}{subsection.2.4}% 9
\BOOKMARK [2][-]{subsection.2.5}{\376\377\000T\000h\000e\000\040\000P\000l\000a\000y\000s\000t\000a\000t\000i\000o\000n\000\040\000m\000e\000m\000o\000r\000y\000\040\000m\000a\000p}{section.2}% 10
\BOOKMARK [3][-]{subsubsection.2.5.1}{\376\377\000I\000m\000p\000l\000e\000m\000e\000n\000t\000i\000n\000g\000\040\000t\000h\000e\000\040\000m\000e\000m\000o\000r\000y\000\040\000m\000a\000p}{subsection.2.5}% 11
\BOOKMARK [2][-]{subsection.2.6}{\376\377\000T\000h\000e\000\040\000B\000I\000O\000S}{section.2}% 12
\BOOKMARK [2][-]{subsection.2.7}{\376\377\000L\000o\000a\000d\000i\000n\000g\000\040\000t\000h\000e\000\040\000B\000I\000O\000S}{section.2}% 13
\BOOKMARK [2][-]{subsection.2.8}{\376\377\000T\000h\000e\000\040\000i\000n\000t\000e\000r\000c\000o\000n\000n\000e\000c\000t}{section.2}% 14
\BOOKMARK [2][-]{subsection.2.9}{\376\377\000G\000l\000u\000i\000n\000g\000\040\000t\000h\000e\000\040\000i\000n\000t\000e\000r\000c\000o\000n\000n\000e\000c\000t\000\040\000t\000o\000\040\000t\000h\000e\000\040\000C\000P\000U}{section.2}% 15
\BOOKMARK [2][-]{subsection.2.10}{\376\377\000I\000n\000s\000t\000r\000u\000c\000t\000i\000o\000n\000\040\000d\000e\000c\000o\000d\000i\000n\000g}{section.2}% 16
\BOOKMARK [2][-]{subsection.2.11}{\376\377\000G\000e\000n\000e\000r\000a\000l\000\040\000p\000u\000r\000p\000o\000s\000e\000\040\000r\000e\000g\000i\000s\000t\000e\000r\000s}{section.2}% 17
\BOOKMARK [3][-]{subsubsection.2.11.1}{\376\377\000T\000h\000e\000\040\000\044\000z\000e\000r\000o\000\040\000r\000e\000g\000i\000s\000t\000e\000r}{subsection.2.11}% 18
\BOOKMARK [3][-]{subsubsection.2.11.2}{\376\377\000T\000h\000e\000\040\000\044\000r\000a\000\040\000r\000e\000g\000i\000s\000t\000e\000r}{subsection.2.11}% 19
\BOOKMARK [2][-]{subsection.2.12}{\376\377\000S\000p\000e\000c\000i\000a\000l\000\040\000p\000u\000r\000p\000o\000s\000e\000\040\000r\000e\000g\000i\000s\000t\000e\000r\000s}{section.2}% 20
\BOOKMARK [2][-]{subsection.2.13}{\376\377\000I\000m\000p\000l\000e\000m\000e\000n\000t\000i\000n\000g\000\040\000t\000h\000e\000\040\000g\000e\000n\000e\000r\000a\000l\000\040\000p\000u\000r\000p\000o\000s\000e\000\040\000r\000e\000g\000i\000s\000t\000e\000r\000s}{section.2}% 21
\BOOKMARK [2][-]{subsection.2.14}{\376\377\000L\000U\000I\000\040\000i\000n\000s\000t\000r\000u\000c\000t\000i\000o\000n}{section.2}% 22
\BOOKMARK [2][-]{subsection.2.15}{\376\377\000O\000R\000I\000\040\000i\000n\000s\000t\000r\000u\000c\000t\000i\000o\000n}{section.2}% 23
\BOOKMARK [2][-]{subsection.2.16}{\376\377\000W\000r\000i\000t\000i\000n\000g\000\040\000t\000o\000\040\000m\000e\000m\000o\000r\000y}{section.2}% 24
\BOOKMARK [3][-]{subsubsection.2.16.1}{\376\377\000U\000n\000a\000l\000i\000g\000n\000e\000d\000\040\000m\000e\000m\000o\000r\000y\000\040\000a\000c\000c\000e\000s\000s}{subsection.2.16}% 25
\BOOKMARK [3][-]{subsubsection.2.16.2}{\376\377\000E\000x\000p\000a\000n\000s\000i\000o\000n\000\040\000m\000a\000p\000p\000i\000n\000g}{subsection.2.16}% 26
\BOOKMARK [2][-]{subsection.2.17}{\376\377\000S\000i\000g\000n\000\040\000e\000x\000t\000e\000n\000s\000i\000o\000n}{section.2}% 27
\BOOKMARK [2][-]{subsection.2.18}{\376\377\000S\000W\000\040\000i\000n\000s\000t\000r\000u\000c\000t\000i\000o\000n}{section.2}% 28
\BOOKMARK [2][-]{subsection.2.19}{\376\377\000S\000L\000L\000\040\000i\000n\000s\000t\000r\000u\000c\000t\000i\000o\000n}{section.2}% 29
\BOOKMARK [2][-]{subsection.2.20}{\376\377\000A\000D\000D\000I\000U\000\040\000i\000n\000s\000t\000r\000u\000c\000t\000i\000o\000n}{section.2}% 30
\BOOKMARK [2][-]{subsection.2.21}{\376\377\000R\000A\000M\000\040\000c\000o\000n\000f\000i\000g\000u\000r\000a\000t\000i\000o\000n\000\040\000r\000e\000g\000i\000s\000t\000e\000r}{section.2}% 31
\BOOKMARK [2][-]{subsection.2.22}{\376\377\000J\000\040\000i\000n\000s\000t\000r\000u\000c\000t\000i\000o\000n}{section.2}% 32
\BOOKMARK [2][-]{subsection.2.23}{\376\377\000B\000r\000a\000n\000c\000h\000\040\000d\000e\000l\000a\000y\000\040\000s\000l\000o\000t\000s}{section.2}% 33
\BOOKMARK [2][-]{subsection.2.24}{\376\377\000O\000R\000\040\000i\000n\000s\000t\000r\000u\000c\000t\000i\000o\000n}{section.2}% 34
\BOOKMARK [2][-]{subsection.2.25}{\376\377\000T\000y\000p\000e\000\040\000s\000a\000f\000e\000t\000y\000\040\000i\000n\000\040\000t\000h\000e\000\040\000r\000e\000g\000i\000s\000t\000e\000r\000\040\000i\000n\000t\000e\000r\000f\000a\000c\000e}{section.2}% 35
\BOOKMARK [2][-]{subsection.2.26}{\376\377\000C\000A\000C\000H\000E\000\137\000C\000O\000N\000T\000R\000O\000L\000\040\000r\000e\000g\000i\000s\000t\000e\000r}{section.2}% 36
\BOOKMARK [2][-]{subsection.2.27}{\376\377\000T\000h\000e\000\040\000c\000o\000p\000r\000o\000c\000e\000s\000s\000o\000r\000s}{section.2}% 37
\BOOKMARK [2][-]{subsection.2.28}{\376\377\000M\000T\000C\0000\000\040\000i\000n\000s\000t\000r\000u\000c\000t\000i\000o\000n}{section.2}% 38
\BOOKMARK [2][-]{subsection.2.29}{\376\377\000B\000N\000E\000\040\000i\000n\000s\000t\000r\000u\000c\000t\000i\000o\000n}{section.2}% 39
\BOOKMARK [2][-]{subsection.2.30}{\376\377\000A\000D\000D\000I\000\040\000i\000n\000s\000t\000r\000u\000c\000t\000i\000o\000n}{section.2}% 40
\BOOKMARK [2][-]{subsection.2.31}{\376\377\000M\000e\000m\000o\000r\000y\000\040\000l\000o\000a\000d\000s}{section.2}% 41
\BOOKMARK [2][-]{subsection.2.32}{\376\377\000L\000o\000a\000d\000\040\000d\000e\000l\000a\000y\000\040\000s\000l\000o\000t\000s}{section.2}% 42
\BOOKMARK [2][-]{subsection.2.33}{\376\377\000L\000W\000\040\000i\000n\000s\000t\000r\000u\000c\000t\000i\000o\000n}{section.2}% 43
\BOOKMARK [2][-]{subsection.2.34}{\376\377\000T\000h\000e\000\040\000R\000A\000M}{section.2}% 44
\BOOKMARK [2][-]{subsection.2.35}{\376\377\000T\000h\000e\000\040\000c\000o\000p\000r\000o\000c\000e\000s\000s\000o\000r\000\040\0000\000\040\000r\000e\000g\000i\000s\000t\000e\000r\000s}{section.2}% 45
\BOOKMARK [2][-]{subsection.2.36}{\376\377\000S\000L\000T\000U\000\040\000i\000n\000s\000t\000r\000u\000c\000t\000i\000o\000n}{section.2}% 46
\BOOKMARK [2][-]{subsection.2.37}{\376\377\000A\000D\000D\000U\000\040\000i\000n\000s\000t\000r\000u\000c\000t\000i\000o\000n}{section.2}% 47
\BOOKMARK [2][-]{subsection.2.38}{\376\377\000R\000e\000g\000i\000o\000n\000s}{section.2}% 48
\BOOKMARK [2][-]{subsection.2.39}{\376\377\000S\000H\000\040\000i\000n\000s\000t\000r\000u\000c\000t\000i\000o\000n}{section.2}% 49
\BOOKMARK [2][-]{subsection.2.40}{\376\377\000S\000P\000U\000\040\000r\000e\000g\000i\000s\000t\000e\000r\000s}{section.2}% 50
\BOOKMARK [2][-]{subsection.2.41}{\376\377\000J\000A\000L\000\040\000i\000n\000s\000t\000r\000u\000c\000t\000i\000o\000n}{section.2}% 51
\BOOKMARK [2][-]{subsection.2.42}{\376\377\000A\000N\000D\000I\000\040\000i\000n\000s\000t\000r\000u\000c\000t\000i\000o\000n}{section.2}% 52
\BOOKMARK [2][-]{subsection.2.43}{\376\377\000S\000B\000\040\000i\000n\000s\000t\000r\000u\000c\000t\000i\000o\000n}{section.2}% 53
\BOOKMARK [2][-]{subsection.2.44}{\376\377\000E\000x\000p\000a\000n\000s\000i\000o\000n\000\040\0002}{section.2}% 54
\BOOKMARK [2][-]{subsection.2.45}{\376\377\000J\000R\000\040\000i\000n\000s\000t\000r\000u\000c\000t\000i\000o\000n}{section.2}% 55
\BOOKMARK [2][-]{subsection.2.46}{\376\377\000L\000B\000\040\000i\000n\000s\000t\000r\000u\000c\000t\000i\000o\000n}{section.2}% 56
\BOOKMARK [2][-]{subsection.2.47}{\376\377\000B\000E\000Q\000\040\000i\000n\000s\000t\000r\000u\000c\000t\000i\000o\000n}{section.2}% 57
\BOOKMARK [2][-]{subsection.2.48}{\376\377\000E\000x\000p\000a\000n\000s\000i\000o\000n\000\040\0001}{section.2}% 58
\BOOKMARK [2][-]{subsection.2.49}{\376\377\000R\000A\000M\000\040\000b\000y\000t\000e\000\040\000a\000c\000c\000e\000s\000s}{section.2}% 59
\BOOKMARK [2][-]{subsection.2.50}{\376\377\000M\000F\000C\0000\000\040\000i\000n\000s\000t\000r\000u\000c\000t\000i\000o\000n}{section.2}% 60
\BOOKMARK [2][-]{subsection.2.51}{\376\377\000A\000N\000D\000\040\000i\000n\000s\000t\000r\000u\000c\000t\000i\000o\000n}{section.2}% 61
\BOOKMARK [2][-]{subsection.2.52}{\376\377\000A\000D\000D\000\040\000i\000n\000s\000t\000r\000u\000c\000t\000i\000o\000n}{section.2}% 62
\BOOKMARK [2][-]{subsection.2.53}{\376\377\000I\000n\000t\000e\000r\000r\000u\000p\000t\000\040\000C\000o\000n\000t\000r\000o\000l\000\040\000r\000e\000g\000i\000s\000t\000e\000r\000s}{section.2}% 63
\BOOKMARK [2][-]{subsection.2.54}{\376\377\000B\000G\000T\000Z\000\040\000i\000n\000s\000t\000r\000u\000c\000t\000i\000o\000n}{section.2}% 64
\BOOKMARK [2][-]{subsection.2.55}{\376\377\000B\000L\000E\000Z\000\040\000i\000n\000s\000t\000r\000u\000c\000t\000i\000o\000n}{section.2}% 65
\BOOKMARK [2][-]{subsection.2.56}{\376\377\000L\000B\000U\000\040\000i\000n\000s\000t\000r\000u\000c\000t\000i\000o\000n}{section.2}% 66
\BOOKMARK [2][-]{subsection.2.57}{\376\377\000J\000A\000L\000R\000\040\000i\000n\000s\000t\000r\000u\000c\000t\000i\000o\000n}{section.2}% 67
\BOOKMARK [2][-]{subsection.2.58}{\376\377\000B\000L\000T\000Z\000,\000\040\000B\000L\000T\000Z\000A\000L\000,\000\040\000B\000G\000E\000Z\000\040\000a\000n\000d\000\040\000B\000G\000E\000Z\000A\000L\000\040\000i\000n\000s\000t\000r\000u\000c\000t\000i\000o\000n\000s}{section.2}% 68
\BOOKMARK [2][-]{subsection.2.59}{\376\377\000S\000L\000T\000I\000\040\000i\000n\000s\000t\000r\000u\000c\000t\000i\000o\000n}{section.2}% 69
\BOOKMARK [2][-]{subsection.2.60}{\376\377\000S\000U\000B\000U\000\040\000i\000n\000s\000t\000r\000u\000c\000t\000i\000o\000n}{section.2}% 70
\BOOKMARK [2][-]{subsection.2.61}{\376\377\000S\000R\000A\000\040\000i\000n\000s\000t\000r\000u\000c\000t\000i\000o\000n}{section.2}% 71
\BOOKMARK [2][-]{subsection.2.62}{\376\377\000D\000I\000V\000\040\000i\000n\000s\000t\000r\000u\000c\000t\000i\000o\000n}{section.2}% 72
\BOOKMARK [2][-]{subsection.2.63}{\376\377\000M\000F\000L\000O\000\040\000i\000n\000s\000t\000r\000u\000c\000t\000i\000o\000n}{section.2}% 73
\BOOKMARK [2][-]{subsection.2.64}{\376\377\000S\000R\000L\000\040\000i\000n\000s\000t\000r\000u\000c\000t\000i\000o\000n}{section.2}% 74
\BOOKMARK [2][-]{subsection.2.65}{\376\377\000S\000L\000T\000I\000U\000\040\000i\000n\000s\000t\000r\000u\000c\000t\000i\000o\000n}{section.2}% 75
\BOOKMARK [2][-]{subsection.2.66}{\376\377\000D\000I\000V\000U\000\040\000i\000n\000s\000t\000r\000u\000c\000t\000i\000o\000n}{section.2}% 76
\BOOKMARK [2][-]{subsection.2.67}{\376\377\000M\000F\000H\000I\000\040\000i\000n\000s\000t\000r\000u\000c\000t\000i\000o\000n}{section.2}% 77
\BOOKMARK [2][-]{subsection.2.68}{\376\377\000S\000L\000T\000\040\000i\000n\000s\000t\000r\000u\000c\000t\000i\000o\000n}{section.2}% 78
\BOOKMARK [2][-]{subsection.2.69}{\376\377\000I\000n\000t\000e\000r\000r\000u\000p\000t\000\040\000C\000o\000n\000t\000r\000o\000l\000\040\000r\000e\000a\000d}{section.2}% 79
\BOOKMARK [2][-]{subsection.2.70}{\376\377\000T\000i\000m\000e\000r\000\040\000r\000e\000g\000i\000s\000t\000e\000r\000s}{section.2}% 80
\BOOKMARK [2][-]{subsection.2.71}{\376\377\000E\000x\000c\000e\000p\000t\000i\000o\000n\000s}{section.2}% 81
\BOOKMARK [2][-]{subsection.2.72}{\376\377\000S\000Y\000S\000C\000A\000L\000L\000\040\000i\000n\000s\000t\000r\000u\000c\000t\000i\000o\000n}{section.2}% 82
\BOOKMARK [2][-]{subsection.2.73}{\376\377\000M\000T\000L\000O\000\040\000i\000n\000s\000t\000r\000u\000c\000t\000i\000o\000n}{section.2}% 83
\BOOKMARK [2][-]{subsection.2.74}{\376\377\000M\000T\000H\000I\000\040\000i\000n\000s\000t\000r\000u\000c\000t\000i\000o\000n}{section.2}% 84
\BOOKMARK [2][-]{subsection.2.75}{\376\377\000R\000F\000E\000\040\000i\000n\000t\000s\000r\000u\000c\000t\000i\000o\000n}{section.2}% 85
\BOOKMARK [2][-]{subsection.2.76}{\376\377\000E\000x\000c\000e\000p\000t\000i\000o\000n\000s\000\040\000a\000n\000d\000\040\000b\000r\000a\000n\000c\000h\000\040\000d\000e\000l\000a\000y\000\040\000s\000l\000o\000t\000s}{section.2}% 86
\BOOKMARK [2][-]{subsection.2.77}{\376\377\000A\000D\000D\000\040\000a\000n\000d\000\040\000A\000D\000D\000I\000\040\000o\000v\000e\000r\000f\000l\000o\000w\000s}{section.2}% 87
\BOOKMARK [2][-]{subsection.2.78}{\376\377\000S\000t\000o\000r\000e\000\040\000a\000n\000d\000\040\000l\000o\000a\000d\000\040\000a\000l\000i\000g\000n\000m\000e\000n\000t\000\040\000e\000x\000c\000e\000p\000t\000i\000o\000n\000s}{section.2}% 88
\BOOKMARK [2][-]{subsection.2.79}{\376\377\000P\000C\000\040\000a\000l\000i\000g\000n\000m\000e\000n\000t\000\040\000e\000x\000c\000e\000p\000t\000i\000o\000n}{section.2}% 89
\BOOKMARK [2][-]{subsection.2.80}{\376\377\000R\000A\000M\000\040\0001\0006\000b\000i\000t\000\040\000s\000t\000o\000r\000e}{section.2}% 90
\BOOKMARK [2][-]{subsection.2.81}{\376\377\000D\000M\000A\000\040\000r\000e\000g\000i\000s\000t\000e\000r\000s}{section.2}% 91
\BOOKMARK [2][-]{subsection.2.82}{\376\377\000L\000H\000U\000\040\000i\000n\000s\000t\000r\000u\000c\000t\000i\000o\000n}{section.2}% 92
\BOOKMARK [2][-]{subsection.2.83}{\376\377\000S\000L\000L\000V\000\040\000i\000n\000s\000t\000r\000u\000c\000t\000i\000o\000n}{section.2}% 93
\BOOKMARK [2][-]{subsection.2.84}{\376\377\000L\000H\000\040\000i\000n\000s\000t\000r\000u\000c\000t\000i\000o\000n}{section.2}% 94
\BOOKMARK [2][-]{subsection.2.85}{\376\377\000N\000O\000R\000\040\000i\000n\000s\000t\000r\000u\000c\000t\000i\000o\000n}{section.2}% 95
\BOOKMARK [2][-]{subsection.2.86}{\376\377\000S\000R\000A\000V\000\040\000i\000n\000s\000t\000r\000u\000c\000t\000i\000o\000n}{section.2}% 96
\BOOKMARK [2][-]{subsection.2.87}{\376\377\000S\000R\000L\000V\000\040\000i\000n\000s\000t\000r\000u\000c\000t\000i\000o\000n}{section.2}% 97
\BOOKMARK [2][-]{subsection.2.88}{\376\377\000M\000U\000L\000T\000U\000\040\000i\000n\000s\000t\000r\000u\000c\000t\000i\000o\000n}{section.2}% 98
\BOOKMARK [2][-]{subsection.2.89}{\376\377\000G\000P\000U\000\040\000r\000e\000g\000i\000s\000t\000e\000r\000s}{section.2}% 99
\BOOKMARK [3][-]{subsubsection.2.89.1}{\376\377\000G\000P\0000\000:\000\040\000D\000r\000a\000w\000\040\000M\000o\000d\000e\000\040\000S\000e\000t\000t\000i\000n\000g\000\040\000c\000o\000m\000m\000a\000n\000d}{subsection.2.89}% 100
\BOOKMARK [2][-]{subsection.2.90}{\376\377\000I\000n\000t\000e\000r\000r\000u\000p\000t\000\040\000C\000o\000n\000t\000r\000o\000l\000\040\0001\0006\000b\000i\000t\000\040\000a\000c\000c\000e\000s\000s}{section.2}% 101
\BOOKMARK [2][-]{subsection.2.91}{\376\377\000T\000i\000m\000e\000r\000\040\000r\000e\000g\000i\000s\000t\000e\000r\000s\000\040\0003\0002\000b\000i\000t\000\040\000a\000c\000c\000e\000s\000s}{section.2}% 102
\BOOKMARK [2][-]{subsection.2.92}{\376\377\000G\000P\000U\000S\000T\000A\000T\000\040\000`\000`\000D\000M\000A\000\040\000r\000e\000a\000d\000y\000'\000'\000\040\000f\000i\000e\000l\000d}{section.2}% 103
\BOOKMARK [2][-]{subsection.2.93}{\376\377\000X\000O\000R\000\040\000i\000n\000s\000t\000r\000u\000c\000t\000i\000o\000n}{section.2}% 104
\BOOKMARK [2][-]{subsection.2.94}{\376\377\000B\000R\000E\000A\000K\000\040\000i\000n\000s\000t\000r\000u\000c\000t\000i\000o\000n\000s}{section.2}% 105
\BOOKMARK [2][-]{subsection.2.95}{\376\377\000M\000U\000L\000T\000\040\000i\000n\000s\000t\000r\000u\000c\000t\000i\000o\000n}{section.2}% 106
\BOOKMARK [2][-]{subsection.2.96}{\376\377\000S\000U\000B\000\040\000i\000n\000s\000t\000r\000u\000c\000t\000i\000o\000n}{section.2}% 107
\BOOKMARK [2][-]{subsection.2.97}{\376\377\000X\000O\000R\000I\000\040\000i\000n\000s\000t\000r\000u\000c\000t\000i\000o\000n}{section.2}% 108
\BOOKMARK [2][-]{subsection.2.98}{\376\377\000C\000o\000p\0001\000,\000\040\000c\000o\000p\0002\000\040\000a\000n\000d\000\040\000c\000o\000p\0003\000\040\000o\000p\000c\000o\000d\000e\000s}{section.2}% 109
\BOOKMARK [2][-]{subsection.2.99}{\376\377\000N\000o\000n\000-\000a\000l\000i\000g\000n\000e\000d\000\040\000r\000e\000a\000d\000s}{section.2}% 110
\BOOKMARK [3][-]{subsubsection.2.99.1}{\376\377\000L\000W\000L\000\040\000i\000n\000s\000t\000r\000u\000c\000t\000i\000o\000n}{subsection.2.99}% 111
\BOOKMARK [3][-]{subsubsection.2.99.2}{\376\377\000L\000W\000R\000\040\000i\000n\000s\000t\000r\000u\000c\000t\000i\000o\000n}{subsection.2.99}% 112
\BOOKMARK [2][-]{subsection.2.100}{\376\377\000N\000o\000n\000-\000a\000l\000i\000g\000n\000e\000d\000\040\000w\000r\000i\000t\000e\000s}{section.2}% 113
\BOOKMARK [3][-]{subsubsection.2.100.1}{\376\377\000S\000W\000L\000\040\000i\000n\000s\000t\000r\000u\000c\000t\000i\000o\000n}{subsection.2.100}% 114
\BOOKMARK [3][-]{subsubsection.2.100.2}{\376\377\000S\000W\000R\000\040\000i\000n\000s\000t\000r\000u\000c\000t\000i\000o\000n}{subsection.2.100}% 115
\BOOKMARK [2][-]{subsection.2.101}{\376\377\000C\000o\000p\000r\000o\000c\000e\000s\000s\000o\000r\000\040\000l\000o\000a\000d\000s\000\040\000a\000n\000d\000\040\000s\000t\000o\000r\000e\000s}{section.2}% 116
\BOOKMARK [3][-]{subsubsection.2.101.1}{\376\377\000L\000W\000C\000n\000\040\000i\000n\000s\000t\000r\000u\000c\000t\000i\000o\000n\000s}{subsection.2.101}% 117
\BOOKMARK [3][-]{subsubsection.2.101.2}{\376\377\000S\000W\000C\000n\000\040\000i\000n\000s\000t\000r\000u\000c\000t\000i\000o\000n\000s}{subsection.2.101}% 118
\BOOKMARK [2][-]{subsection.2.102}{\376\377\000I\000l\000l\000e\000g\000a\000l\000\040\000i\000n\000s\000t\000r\000u\000c\000t\000i\000o\000n\000s}{section.2}% 119
\BOOKMARK [1][-]{section.3}{\376\377\000T\000h\000e\000\040\000D\000M\000A\000:\000\040\000O\000r\000d\000e\000r\000i\000n\000g\000\040\000t\000a\000b\000l\000e\000s\000\040\000a\000n\000d\000\040\000t\000h\000e\000\040\000G\000P\000U}{}% 120
\BOOKMARK [2][-]{subsection.3.1}{\376\377\000D\000M\000A\000\040\000C\000o\000n\000t\000r\000o\000l\000\040\000r\000e\000g\000i\000s\000t\000e\000r}{section.3}% 121
\BOOKMARK [2][-]{subsection.3.2}{\376\377\000D\000M\000A\000\040\000I\000n\000t\000e\000r\000r\000u\000p\000t\000\040\000r\000e\000g\000i\000s\000t\000e\000r}{section.3}% 122
\BOOKMARK [2][-]{subsection.3.3}{\376\377\000D\000M\000A\000\040\000C\000h\000a\000n\000n\000e\000l\000\040\000C\000o\000n\000t\000r\000o\000l\000\040\000r\000e\000g\000i\000s\000t\000e\000r}{section.3}% 123
\BOOKMARK [2][-]{subsection.3.4}{\376\377\000D\000M\000A\000\040\000B\000a\000s\000e\000\040\000A\000d\000d\000r\000e\000s\000s\000\040\000r\000e\000g\000i\000s\000t\000e\000r}{section.3}% 124
\BOOKMARK [2][-]{subsection.3.5}{\376\377\000D\000M\000A\000\040\000B\000l\000o\000c\000k\000\040\000C\000o\000n\000t\000r\000o\000l\000\040\000r\000e\000g\000i\000s\000t\000e\000r}{section.3}% 125
\BOOKMARK [2][-]{subsection.3.6}{\376\377\000D\000e\000p\000t\000h\000\040\000O\000r\000d\000e\000r\000i\000n\000g\000\040\000T\000a\000b\000l\000e\000s}{section.3}% 126
\BOOKMARK [2][-]{subsection.3.7}{\376\377\000D\000M\000A\000\040\000C\000l\000e\000a\000r\000\040\000O\000r\000d\000e\000r\000i\000n\000g\000\040\000T\000a\000b\000l\000e\000\040\000c\000h\000a\000n\000n\000e\000l}{section.3}% 127
\BOOKMARK [2][-]{subsection.3.8}{\376\377\000D\000M\000A\000\040\000B\000l\000o\000c\000k\000\040\000c\000o\000p\000y}{section.3}% 128
\BOOKMARK [2][-]{subsection.3.9}{\376\377\000D\000M\000A\000\040\000L\000i\000n\000k\000e\000d\000\040\000L\000i\000s\000t\000s}{section.3}% 129
\BOOKMARK [2][-]{subsection.3.10}{\376\377\000R\000A\000M\000\040\000t\000o\000\040\000d\000e\000v\000i\000c\000e\000\040\000G\000P\000U\000\040\000b\000l\000o\000c\000k\000\040\000c\000o\000p\000y}{section.3}% 130
\BOOKMARK [1][-]{section.4}{\376\377\000T\000h\000e\000\040\000G\000P\000U\000:\000\040\000I\000n\000t\000e\000r\000n\000a\000l\000\040\000s\000t\000a\000t\000e\000\040\000a\000n\000d\000\040\000f\000i\000r\000s\000t\000\040\000c\000o\000m\000m\000a\000n\000d\000s}{}% 131
\BOOKMARK [2][-]{subsection.4.1}{\376\377\000G\000P\000U\000S\000T\000A\000T\000\040\000r\000e\000g\000i\000s\000t\000e\000r}{section.4}% 132
\BOOKMARK [2][-]{subsection.4.2}{\376\377\000G\000P\0000\000\040\000D\000r\000a\000m\000\040\000M\000o\000d\000e\000\040\000S\000e\000t\000t\000i\000n\000g\000\040\000c\000o\000m\000m\000a\000n\000d}{section.4}% 133
\BOOKMARK [2][-]{subsection.4.3}{\376\377\000G\000P\0000\000\040\000N\000O\000P\000\040\000c\000o\000m\000m\000a\000n\000d}{section.4}% 134
\BOOKMARK [2][-]{subsection.4.4}{\376\377\000G\000P\0001\000\040\000S\000o\000f\000t\000\040\000R\000e\000s\000e\000t\000\040\000c\000o\000m\000m\000a\000n\000d}{section.4}% 135
\BOOKMARK [2][-]{subsection.4.5}{\376\377\000T\000h\000e\000\040\000G\000P\000U\000\040\000r\000e\000n\000d\000e\000r\000e\000r\000\040\000a\000n\000d\000\040\000t\000h\000e\000\040\000v\000i\000d\000e\000o\000\040\000o\000u\000t\000p\000u\000t}{section.4}% 136
\BOOKMARK [2][-]{subsection.4.6}{\376\377\000G\000P\000U\000R\000E\000A\000D\000\040\000r\000e\000g\000i\000s\000t\000e\000r\000\040\000p\000l\000a\000c\000e\000h\000o\000l\000d\000e\000r}{section.4}% 137
\BOOKMARK [2][-]{subsection.4.7}{\376\377\000G\000P\0001\000\040\000D\000i\000s\000p\000l\000a\000y\000\040\000M\000o\000d\000e\000\040\000c\000o\000m\000m\000a\000n\000d}{section.4}% 138
\BOOKMARK [2][-]{subsection.4.8}{\376\377\000G\000P\0001\000\040\000D\000M\000A\000\040\000d\000i\000r\000e\000c\000t\000i\000o\000n\000\040\000c\000o\000m\000m\000a\000n\000d}{section.4}% 139
\BOOKMARK [2][-]{subsection.4.9}{\376\377\000D\000M\000A\000\040\000G\000P\0000\000\040\000c\000o\000m\000m\000a\000n\000d\000s}{section.4}% 140
\BOOKMARK [2][-]{subsection.4.10}{\376\377\000G\000P\0000\000\040\000S\000e\000t\000\040\000D\000r\000a\000w\000i\000n\000g\000\040\000A\000r\000e\000a\000\040\000c\000o\000m\000m\000a\000n\000d\000s}{section.4}% 141
\BOOKMARK [2][-]{subsection.4.11}{\376\377\000G\000P\0000\000\040\000S\000e\000t\000\040\000D\000r\000a\000w\000i\000n\000g\000\040\000O\000f\000f\000s\000e\000t\000\040\000c\000o\000m\000m\000a\000n\000d}{section.4}% 142
\BOOKMARK [2][-]{subsection.4.12}{\376\377\000G\000P\0000\000\040\000T\000e\000x\000t\000u\000r\000e\000\040\000W\000i\000n\000d\000o\000w\000\040\000c\000o\000m\000m\000a\000n\000d}{section.4}% 143
\BOOKMARK [2][-]{subsection.4.13}{\376\377\000G\000P\0000\000\040\000M\000a\000s\000k\000\040\000B\000i\000t\000\040\000S\000e\000t\000t\000i\000n\000g\000\040\000c\000o\000m\000m\000a\000n\000d}{section.4}% 144
\BOOKMARK [2][-]{subsection.4.14}{\376\377\000G\000P\0001\000\040\000D\000i\000s\000p\000l\000a\000y\000\040\000V\000R\000A\000M\000\040\000S\000t\000a\000r\000t\000\040\000c\000o\000m\000m\000a\000n\000d}{section.4}% 145
\BOOKMARK [2][-]{subsection.4.15}{\376\377\000G\000P\0001\000\040\000D\000i\000s\000p\000l\000a\000y\000\040\000R\000a\000n\000g\000e\000\040\000c\000o\000m\000m\000a\000n\000d\000s}{section.4}% 146
\BOOKMARK [2][-]{subsection.4.16}{\376\377\000G\000P\0000\000\040\000M\000o\000n\000o\000c\000h\000r\000o\000m\000e\000\040\000Q\000u\000a\000d\000r\000i\000l\000a\000t\000e\000r\000a\000l\000\040\000c\000o\000m\000m\000a\000n\000d}{section.4}% 147
\BOOKMARK [2][-]{subsection.4.17}{\376\377\000I\000n\000t\000e\000r\000l\000e\000a\000v\000e\000d\000\040\000v\000i\000d\000e\000o\000\040\000d\000e\000a\000d\000l\000o\000c\000k\000\040\000w\000o\000r\000k\000a\000r\000o\000u\000n\000d}{section.4}% 148
\BOOKMARK [2][-]{subsection.4.18}{\376\377\000G\000P\0000\000\040\000C\000l\000e\000a\000r\000\040\000C\000a\000c\000h\000e\000\040\000c\000o\000m\000m\000a\000n\000d}{section.4}% 149
\BOOKMARK [2][-]{subsection.4.19}{\376\377\000G\000P\0000\000\040\000L\000o\000a\000d\000\040\000I\000m\000a\000g\000e\000\040\000c\000o\000m\000m\000a\000n\000d}{section.4}% 150
\BOOKMARK [2][-]{subsection.4.20}{\376\377\000D\000M\000A\000\040\000i\000m\000a\000g\000e\000\040\000t\000r\000a\000n\000s\000f\000e\000r}{section.4}% 151
\BOOKMARK [2][-]{subsection.4.21}{\376\377\000G\000P\0001\000\040\000D\000i\000s\000p\000l\000a\000y\000\040\000E\000n\000a\000b\000l\000e\000\040\000c\000o\000m\000m\000a\000n\000d}{section.4}% 152
\BOOKMARK [2][-]{subsection.4.22}{\376\377\000G\000P\0000\000\040\000I\000m\000a\000g\000e\000\040\000S\000t\000o\000r\000e\000\040\000c\000o\000m\000m\000a\000n\000d}{section.4}% 153
\BOOKMARK [2][-]{subsection.4.23}{\376\377\000G\000P\0000\000\040\000S\000h\000a\000d\000e\000d\000\040\000Q\000u\000a\000d\000r\000i\000l\000a\000t\000e\000r\000a\000l\000\040\000c\000o\000m\000m\000a\000n\000d}{section.4}% 154
\BOOKMARK [2][-]{subsection.4.24}{\376\377\000G\000P\0000\000\040\000S\000h\000a\000d\000e\000d\000\040\000T\000r\000i\000a\000n\000g\000l\000e\000\040\000c\000o\000m\000m\000a\000n\000d}{section.4}% 155
\BOOKMARK [2][-]{subsection.4.25}{\376\377\000G\000P\0000\000\040\000T\000e\000x\000t\000u\000r\000e\000d\000\040\000Q\000u\000a\000d\000r\000i\000l\000a\000t\000e\000r\000a\000l\000\040\000W\000i\000t\000h\000\040\000C\000o\000l\000o\000r\000\040\000B\000l\000e\000n\000d\000i\000n\000g\000\040\000c\000o\000m\000m\000a\000n\000d}{section.4}% 156
\BOOKMARK [2][-]{subsection.4.26}{\376\377\000G\000P\0001\000\040\000A\000c\000k\000n\000o\000w\000l\000e\000d\000g\000e\000\040\000I\000n\000t\000e\000r\000r\000u\000p\000t\000\040\000c\000o\000m\000m\000a\000n\000d}{section.4}% 157
\BOOKMARK [2][-]{subsection.4.27}{\376\377\000G\000P\0001\000\040\000R\000e\000s\000e\000t\000\040\000C\000o\000m\000m\000a\000n\000d\000\040\000B\000u\000f\000f\000e\000r\000\040\000c\000o\000m\000m\000a\000n\000d}{section.4}% 158
\BOOKMARK [1][-]{section.5}{\376\377\000T\000h\000e\000\040\000G\000P\000U\000:\000\040\000B\000a\000s\000i\000c\000\040\000O\000p\000e\000n\000G\000L\000\040\000r\000e\000n\000d\000e\000r\000e\000r\000\040\000f\000o\000r\000\040\000t\000h\000e\000\040\000b\000o\000o\000t\000\040\000l\000o\000g\000o}{}% 159
\BOOKMARK [2][-]{subsection.5.1}{\376\377\000W\000i\000n\000d\000o\000w\000\040\000a\000n\000d\000\040\000O\000p\000e\000n\000G\000L\000\040\000c\000o\000n\000t\000e\000x\000t\000\040\000c\000r\000e\000a\000t\000i\000o\000n}{section.5}% 160
\BOOKMARK [2][-]{subsection.5.2}{\376\377\000D\000r\000a\000w\000i\000n\000g\000\040\000t\000h\000e\000\040\000p\000r\000i\000m\000i\000t\000i\000v\000e\000s}{section.5}% 161
\BOOKMARK [2][-]{subsection.5.3}{\376\377\000T\000h\000e\000\040\000v\000e\000r\000t\000e\000x\000\040\000s\000h\000a\000d\000e\000r}{section.5}% 162
\BOOKMARK [2][-]{subsection.5.4}{\376\377\000T\000h\000e\000\040\000f\000r\000a\000g\000m\000e\000n\000t\000\040\000s\000h\000a\000d\000e\000r}{section.5}% 163
\BOOKMARK [2][-]{subsection.5.5}{\376\377\000C\000o\000m\000p\000i\000l\000i\000n\000g\000\040\000a\000n\000d\000\040\000l\000i\000n\000k\000i\000n\000g\000\040\000t\000h\000e\000\040\000s\000h\000a\000d\000e\000r\000s}{section.5}% 164
\BOOKMARK [2][-]{subsection.5.6}{\376\377\000V\000e\000r\000t\000e\000x\000\040\000a\000r\000r\000a\000y\000\040\000o\000b\000j\000e\000c\000t\000s}{section.5}% 165
\BOOKMARK [2][-]{subsection.5.7}{\376\377\000O\000p\000e\000n\000G\000L\000\040\000r\000e\000n\000d\000e\000r\000i\000n\000g\000\040\000a\000n\000d\000\040\000s\000y\000n\000c\000h\000r\000o\000n\000i\000z\000a\000t\000i\000o\000n}{section.5}% 166
\BOOKMARK [2][-]{subsection.5.8}{\376\377\000O\000p\000e\000n\000G\000L\000\040\000d\000e\000b\000u\000g\000g\000i\000n\000g}{section.5}% 167
\BOOKMARK [2][-]{subsection.5.9}{\376\377\000D\000r\000a\000w\000i\000n\000g\000\040\000q\000u\000a\000d\000r\000i\000l\000a\000t\000e\000r\000a\000l\000s}{section.5}% 168
\BOOKMARK [2][-]{subsection.5.10}{\376\377\000D\000r\000a\000w\000\040\000O\000f\000f\000s\000e\000t\000\040\000e\000m\000u\000l\000a\000t\000i\000o\000n}{section.5}% 169
\BOOKMARK [2][-]{subsection.5.11}{\376\377\000H\000a\000n\000d\000l\000i\000n\000g\000\040\000S\000D\000L\0002\000\040\000e\000v\000e\000n\000t\000s\000\040\000a\000n\000d\000\040\000e\000x\000i\000t\000i\000n\000g\000\040\000c\000l\000e\000a\000n\000l\000y}{section.5}% 170
\BOOKMARK [1][-]{section.6}{\376\377\000T\000h\000e\000\040\000I\000n\000t\000e\000r\000c\000o\000n\000n\000e\000c\000t\000:\000\040\000G\000e\000n\000e\000r\000i\000c\000\040\000l\000o\000a\000d\000s\000\040\000a\000n\000d\000\040\000s\000t\000o\000r\000e\000s}{}% 171
\BOOKMARK [2][-]{subsection.6.1}{\376\377\000P\000o\000r\000t\000i\000n\000g\000\040\000t\000h\000e\000\040\000C\000P\000U\000\040\000c\000o\000d\000e}{section.6}% 172
\BOOKMARK [2][-]{subsection.6.2}{\376\377\000P\000o\000r\000t\000i\000n\000g\000\040\000t\000h\000e\000\040\000i\000n\000t\000e\000r\000c\000o\000n\000n\000e\000c\000t\000\040\000c\000o\000d\000e}{section.6}% 173
\BOOKMARK [2][-]{subsection.6.3}{\376\377\000P\000o\000r\000t\000i\000n\000g\000\040\000t\000h\000e\000\040\000R\000A\000M\000\040\000a\000n\000d\000\040\000B\000I\000O\000S}{section.6}% 174
\BOOKMARK [2][-]{subsection.6.4}{\376\377\000P\000o\000r\000t\000i\000n\000g\000\040\000t\000h\000e\000\040\000G\000P\000U\000\040\000c\000o\000d\000e}{section.6}% 175
\BOOKMARK [2][-]{subsection.6.5}{\376\377\000P\000o\000r\000t\000i\000n\000g\000\040\000t\000h\000e\000\040\000D\000M\000A\000\040\000c\000o\000d\000e}{section.6}% 176
\BOOKMARK [1][-]{section.7}{\376\377\000T\000h\000e\000\040\000D\000e\000b\000u\000g\000g\000e\000r\000:\000\040\000B\000r\000e\000a\000k\000p\000o\000i\000n\000t\000s\000\040\000a\000n\000d\000\040\000W\000a\000t\000c\000h\000p\000o\000i\000n\000t\000s}{}% 177
\BOOKMARK [2][-]{subsection.7.1}{\376\377\000D\000e\000b\000u\000g\000g\000e\000r\000\040\000m\000e\000m\000o\000r\000y\000\040\000a\000c\000c\000e\000s\000s}{section.7}% 178
\BOOKMARK [2][-]{subsection.7.2}{\376\377\000B\000r\000e\000a\000k\000p\000o\000i\000n\000t\000s}{section.7}% 179
\BOOKMARK [2][-]{subsection.7.3}{\376\377\000W\000a\000t\000c\000h\000p\000o\000i\000n\000t\000s}{section.7}% 180
\BOOKMARK [2][-]{subsection.7.4}{\376\377\000C\000o\000d\000e\000\040\000d\000i\000s\000a\000s\000s\000e\000m\000b\000l\000y\000\040\000a\000n\000d\000\040\000b\000e\000y\000o\000n\000d}{section.7}% 181
\BOOKMARK [1][-]{section.8}{\376\377\000T\000h\000e\000\040\000C\000P\000U\000:\000\040\000I\000n\000s\000t\000r\000u\000c\000t\000i\000o\000n\000\040\000c\000a\000c\000h\000e}{}% 182
\BOOKMARK [2][-]{subsection.8.1}{\376\377\000I\000n\000s\000t\000r\000u\000c\000t\000i\000o\000n\000\040\000c\000a\000c\000h\000e\000\040\000l\000o\000o\000k\000u\000p\000\040\000b\000e\000h\000a\000v\000i\000o\000r}{section.8}% 183
\BOOKMARK [2][-]{subsection.8.2}{\376\377\000I\000n\000s\000t\000r\000u\000c\000t\000i\000o\000n\000\040\000c\000a\000c\000h\000e\000\040\000f\000e\000t\000c\000h\000\040\000b\000e\000h\000a\000v\000i\000o\000r}{section.8}% 184
